Initialized native services in: C:\Users\swsj9\.gradle\native
Initialized jansi services in: C:\Users\swsj9\.gradle\native
To honour the JVM settings for this build a single-use Daemon process will be forked. For more on this, please refer to https://docs.gradle.org/8.14.1/userguide/gradle_daemon.html#sec:disabling_the_daemon in the Gradle documentation.
Starting process 'Gradle build daemon'. Working directory: C:\Users\swsj9\.gradle\daemon\8.14.1 Command: C:\Program Files\Java\jdk-21\bin\java.exe --add-opens=java.base/java.lang=ALL-UNNAMED --add-opens=java.base/java.lang.invoke=ALL-UNNAMED --add-opens=java.base/java.util=ALL-UNNAMED --add-opens=java.prefs/java.util.prefs=ALL-UNNAMED --add-exports=jdk.compiler/com.sun.tools.javac.api=ALL-UNNAMED --add-exports=jdk.compiler/com.sun.tools.javac.util=ALL-UNNAMED --add-opens=java.base/java.util=ALL-UNNAMED --add-opens=java.prefs/java.util.prefs=ALL-UNNAMED --add-opens=java.base/java.nio.charset=ALL-UNNAMED --add-opens=java.base/java.net=ALL-UNNAMED --add-opens=java.base/java.util.concurrent.atomic=ALL-UNNAMED --add-opens=java.xml/javax.xml.namespace=ALL-UNNAMED -XX:MaxMetaspaceSize=512m -Xmx2048m -Dfile.encoding=UTF-8 -Duser.country=KR -Duser.language=ko -Duser.variant -cp C:\Users\swsj9\.gradle\wrapper\dists\gradle-8.14.1-bin\baw1sv0jfoi8rxs14qo3h49cs\gradle-8.14.1\lib\gradle-daemon-main-8.14.1.jar -javaagent:C:\Users\swsj9\.gradle\wrapper\dists\gradle-8.14.1-bin\baw1sv0jfoi8rxs14qo3h49cs\gradle-8.14.1\lib\agents\gradle-instrumentation-agent-8.14.1.jar org.gradle.launcher.daemon.bootstrap.GradleDaemon 8.14.1
Successfully started process 'Gradle build daemon'
An attempt to start the daemon took 1.429 secs.
The client will now receive all logging from the daemon (pid: 6052). The daemon log file: C:\Users\swsj9\.gradle\daemon\8.14.1\daemon-6052.out.log
Daemon will be stopped at the end of the build 
Using 16 worker leases.
Received JVM installation metadata from 'C:\Program Files\Java\jdk-21': {JAVA_HOME=C:\Program Files\Java\jdk-21, JAVA_VERSION=21.0.6, JAVA_VENDOR=Oracle Corporation, RUNTIME_NAME=Java(TM) SE Runtime Environment, RUNTIME_VERSION=21.0.6+8-LTS-188, VM_NAME=Java HotSpot(TM) 64-Bit Server VM, VM_VERSION=21.0.6+8-LTS-188, VM_VENDOR=Oracle Corporation, OS_ARCH=amd64}
Watching the file system is configured to be enabled if available
Now considering [C:\B4B4_FE_App\android] as hierarchies to watch
File system watching is active
Starting Build
Now considering [C:\B4B4_FE_App\node_modules\@react-native\gradle-plugin, C:\B4B4_FE_App\android] as hierarchies to watch
Resolved plugin [id: 'org.gradle.toolchains.foojay-resolver-convention', version: '0.5.0']

> Configure project :gradle-plugin
Evaluating project ':gradle-plugin' using build file 'C:\B4B4_FE_App\node_modules\@react-native\gradle-plugin\build.gradle.kts'.
Resolved plugin [id: 'org.jetbrains.kotlin.jvm', version: '2.1.20', apply: false]

> Configure project :gradle-plugin:react-native-gradle-plugin
Evaluating project ':gradle-plugin:react-native-gradle-plugin' using build file 'C:\B4B4_FE_App\node_modules\@react-native\gradle-plugin\react-native-gradle-plugin\build.gradle.kts'.
Resolved plugin [id: 'org.jetbrains.kotlin.jvm', version: '2.1.20']
Resolved plugin [id: 'java-gradle-plugin']
Build fd00c0da-994b-4cc4-90f1-efee44a2fd18 is started
Using Kotlin Gradle Plugin gradle85 variant
kotlin scripting plugin: created the scripting discovery configuration: kotlinScriptDef
kotlin scripting plugin: created the scripting discovery configuration: testKotlinScriptDef

> Configure project :gradle-plugin:settings-plugin
Evaluating project ':gradle-plugin:settings-plugin' using build file 'C:\B4B4_FE_App\node_modules\@react-native\gradle-plugin\settings-plugin\build.gradle.kts'.
Resolved plugin [id: 'org.jetbrains.kotlin.jvm', version: '2.1.20']
Resolved plugin [id: 'java-gradle-plugin']
Using Kotlin Gradle Plugin gradle85 variant
kotlin scripting plugin: created the scripting discovery configuration: kotlinScriptDef
kotlin scripting plugin: created the scripting discovery configuration: testKotlinScriptDef

> Configure project :gradle-plugin:shared
Evaluating project ':gradle-plugin:shared' using build file 'C:\B4B4_FE_App\node_modules\@react-native\gradle-plugin\shared\build.gradle.kts'.
Resolved plugin [id: 'org.jetbrains.kotlin.jvm', version: '2.1.20']
Using Kotlin Gradle Plugin gradle85 variant
kotlin scripting plugin: created the scripting discovery configuration: kotlinScriptDef
kotlin scripting plugin: created the scripting discovery configuration: testKotlinScriptDef

> Configure project :gradle-plugin:shared-testutil
Evaluating project ':gradle-plugin:shared-testutil' using build file 'C:\B4B4_FE_App\node_modules\@react-native\gradle-plugin\shared-testutil\build.gradle.kts'.
Resolved plugin [id: 'org.jetbrains.kotlin.jvm', version: '2.1.20']
Using Kotlin Gradle Plugin gradle85 variant
kotlin scripting plugin: created the scripting discovery configuration: kotlinScriptDef
kotlin scripting plugin: created the scripting discovery configuration: testKotlinScriptDef
Resolved plugin [id: 'com.facebook.react.settings']
Starting process 'command 'C:\Java\jre1.8.0_202\bin\java.exe''. Working directory: C:\Users\swsj9\.gradle\.tmp\tmp-jvm13391678325453254511probe Command: C:\Java\jre1.8.0_202\bin\java.exe -Xmx32m -Xms32m -cp . JavaProbe
Successfully started process 'command 'C:\Java\jre1.8.0_202\bin\java.exe''
Received JVM installation metadata from 'C:\Java\jre1.8.0_202': {JAVA_HOME=C:\Java\jre1.8.0_202, JAVA_VERSION=1.8.0_202, JAVA_VENDOR=Oracle Corporation, RUNTIME_NAME=Java(TM) SE Runtime Environment, RUNTIME_VERSION=1.8.0_202-b08, VM_NAME=Java HotSpot(TM) 64-Bit Server VM, VM_VERSION=25.202-b08, VM_VENDOR=Oracle Corporation, OS_ARCH=amd64}
Starting process 'command 'C:\Users\swsj9\.jdks\jbr-17.0.14\bin\java.exe''. Working directory: C:\Users\swsj9\.gradle\.tmp\tmp-jvm2532525169077207387probe Command: C:\Users\swsj9\.jdks\jbr-17.0.14\bin\java.exe -Xmx32m -Xms32m -cp . JavaProbe
Successfully started process 'command 'C:\Users\swsj9\.jdks\jbr-17.0.14\bin\java.exe''
Received JVM installation metadata from 'C:\Users\swsj9\.jdks\jbr-17.0.14': {JAVA_HOME=C:\Users\swsj9\.jdks\jbr-17.0.14, JAVA_VERSION=17.0.14, JAVA_VENDOR=JetBrains s.r.o., RUNTIME_NAME=OpenJDK Runtime Environment, RUNTIME_VERSION=17.0.14+1-b1367.22, VM_NAME=OpenJDK 64-Bit Server VM, VM_VERSION=17.0.14+1-b1367.22, VM_VENDOR=JetBrains s.r.o., OS_ARCH=amd64}
Starting process 'command 'C:\Users\swsj9\.jdks\corretto-17.0.14\bin\java.exe''. Working directory: C:\Users\swsj9\.gradle\.tmp\tmp-jvm9318438411289201637probe Command: C:\Users\swsj9\.jdks\corretto-17.0.14\bin\java.exe -Xmx32m -Xms32m -cp . JavaProbe
Successfully started process 'command 'C:\Users\swsj9\.jdks\corretto-17.0.14\bin\java.exe''
Received JVM installation metadata from 'C:\Users\swsj9\.jdks\corretto-17.0.14': {JAVA_HOME=C:\Users\swsj9\.jdks\corretto-17.0.14, JAVA_VERSION=17.0.14, JAVA_VENDOR=Amazon.com Inc., RUNTIME_NAME=OpenJDK Runtime Environment, RUNTIME_VERSION=17.0.14+7-LTS, VM_NAME=OpenJDK 64-Bit Server VM, VM_VERSION=17.0.14+7-LTS, VM_VENDOR=Amazon.com Inc., OS_ARCH=amd64}
Starting process 'command 'C:\Java\jdk1.8.0_202\bin\java.exe''. Working directory: C:\Users\swsj9\.gradle\.tmp\tmp-jvm12543047084892980366probe Command: C:\Java\jdk1.8.0_202\bin\java.exe -Xmx32m -Xms32m -cp . JavaProbe
Successfully started process 'command 'C:\Java\jdk1.8.0_202\bin\java.exe''
Received JVM installation metadata from 'C:\Java\jdk1.8.0_202': {JAVA_HOME=C:\Java\jdk1.8.0_202\jre, JAVA_VERSION=1.8.0_202, JAVA_VENDOR=Oracle Corporation, RUNTIME_NAME=Java(TM) SE Runtime Environment, RUNTIME_VERSION=1.8.0_202-b08, VM_NAME=Java HotSpot(TM) 64-Bit Server VM, VM_VERSION=25.202-b08, VM_VENDOR=Oracle Corporation, OS_ARCH=amd64}
Starting process 'command 'C:\Program Files\Java\jdk-17\bin\java.exe''. Working directory: C:\Users\swsj9\.gradle\.tmp\tmp-jvm1646114539513142206probe Command: C:\Program Files\Java\jdk-17\bin\java.exe -Xmx32m -Xms32m -cp . JavaProbe
Successfully started process 'command 'C:\Program Files\Java\jdk-17\bin\java.exe''
Received JVM installation metadata from 'C:\Program Files\Java\jdk-17': {JAVA_HOME=C:\Program Files\Java\jdk-17, JAVA_VERSION=17.0.15, JAVA_VENDOR=Oracle Corporation, RUNTIME_NAME=Java(TM) SE Runtime Environment, RUNTIME_VERSION=17.0.15+9-LTS-241, VM_NAME=Java HotSpot(TM) 64-Bit Server VM, VM_VERSION=17.0.15+9-LTS-241, VM_VENDOR=Oracle Corporation, OS_ARCH=amd64}
Starting process 'command 'C:\Users\swsj9\.jdks\openjdk-23.0.2\bin\java.exe''. Working directory: C:\Users\swsj9\.gradle\.tmp\tmp-jvm496812131064879729probe Command: C:\Users\swsj9\.jdks\openjdk-23.0.2\bin\java.exe -Xmx32m -Xms32m -cp . JavaProbe
Successfully started process 'command 'C:\Users\swsj9\.jdks\openjdk-23.0.2\bin\java.exe''
Received JVM installation metadata from 'C:\Users\swsj9\.jdks\openjdk-23.0.2': {JAVA_HOME=C:\Users\swsj9\.jdks\openjdk-23.0.2, JAVA_VERSION=23.0.2, JAVA_VENDOR=Oracle Corporation, RUNTIME_NAME=OpenJDK Runtime Environment, RUNTIME_VERSION=23.0.2+7-58, VM_NAME=OpenJDK 64-Bit Server VM, VM_VERSION=23.0.2+7-58, VM_VENDOR=Oracle Corporation, OS_ARCH=amd64}
Resolve mutations for :gradle-plugin:settings-plugin:checkKotlinGradlePluginConfigurationErrors (Thread[#143,Execution worker,5,main]) started.
Resolve mutations for :gradle-plugin:shared:checkKotlinGradlePluginConfigurationErrors (Thread[#157,Execution worker Thread 15,5,main]) started.
:gradle-plugin:shared:checkKotlinGradlePluginConfigurationErrors (Thread[#142,included builds,5,main]) started.
:gradle-plugin:settings-plugin:checkKotlinGradlePluginConfigurationErrors (Thread[#143,Execution worker,5,main]) started.

> Task :gradle-plugin:shared:checkKotlinGradlePluginConfigurationErrors SKIPPED
Skipping task ':gradle-plugin:shared:checkKotlinGradlePluginConfigurationErrors' as task onlyIf 'errorDiagnostics are present' is false.

> Task :gradle-plugin:settings-plugin:checkKotlinGradlePluginConfigurationErrors SKIPPED
Skipping task ':gradle-plugin:settings-plugin:checkKotlinGradlePluginConfigurationErrors' as task onlyIf 'errorDiagnostics are present' is false.
Resolve mutations for :gradle-plugin:settings-plugin:pluginDescriptors (Thread[#143,Execution worker,5,main]) started.
Resolve mutations for :gradle-plugin:shared:compileKotlin (Thread[#142,included builds,5,main]) started.
:gradle-plugin:settings-plugin:pluginDescriptors (Thread[#143,Execution worker,5,main]) started.
:gradle-plugin:shared:compileKotlin (Thread[#142,included builds,5,main]) started.

> Task :gradle-plugin:settings-plugin:pluginDescriptors UP-TO-DATE
Caching disabled for task ':gradle-plugin:settings-plugin:pluginDescriptors' because:
  Build cache is disabled
  Not worth caching
Skipping task ':gradle-plugin:settings-plugin:pluginDescriptors' as it is up-to-date.
Resolve mutations for :gradle-plugin:settings-plugin:processResources (Thread[#143,Execution worker,5,main]) started.
:gradle-plugin:settings-plugin:processResources (Thread[#143,Execution worker,5,main]) started.

> Task :gradle-plugin:settings-plugin:processResources UP-TO-DATE
Caching disabled for task ':gradle-plugin:settings-plugin:processResources' because:
  Build cache is disabled
  Not worth caching
Skipping task ':gradle-plugin:settings-plugin:processResources' as it is up-to-date.

> Task :gradle-plugin:shared:compileKotlin UP-TO-DATE
Caching disabled for task ':gradle-plugin:shared:compileKotlin' because:
  Build cache is disabled
Skipping task ':gradle-plugin:shared:compileKotlin' as it is up-to-date.
Resolve mutations for :gradle-plugin:shared:compileJava (Thread[#142,included builds,5,main]) started.
:gradle-plugin:shared:compileJava (Thread[#142,included builds,5,main]) started.

> Task :gradle-plugin:shared:compileJava NO-SOURCE
Skipping task ':gradle-plugin:shared:compileJava' as it has no source files and no previous output files.
Resolve mutations for :gradle-plugin:shared:processResources (Thread[#142,included builds,5,main]) started.
:gradle-plugin:shared:processResources (Thread[#142,included builds,5,main]) started.

> Task :gradle-plugin:shared:processResources NO-SOURCE
Skipping task ':gradle-plugin:shared:processResources' as it has no source files and no previous output files.
Resolve mutations for :gradle-plugin:shared:classes (Thread[#142,included builds,5,main]) started.
:gradle-plugin:shared:classes (Thread[#142,included builds,5,main]) started.

> Task :gradle-plugin:shared:classes UP-TO-DATE
Skipping task ':gradle-plugin:shared:classes' as it has no actions.
Resolve mutations for :gradle-plugin:shared:jar (Thread[#142,included builds,5,main]) started.
:gradle-plugin:shared:jar (Thread[#142,included builds,5,main]) started.

> Task :gradle-plugin:shared:jar UP-TO-DATE
Caching disabled for task ':gradle-plugin:shared:jar' because:
  Build cache is disabled
  Not worth caching
Skipping task ':gradle-plugin:shared:jar' as it is up-to-date.
work action resolve shared.jar (project :gradle-plugin:shared) (Thread[#142,included builds,5,main]) started.
Resolve mutations for :gradle-plugin:settings-plugin:compileKotlin (Thread[#142,included builds,5,main]) started.
:gradle-plugin:settings-plugin:compileKotlin (Thread[#142,included builds,5,main]) started.

> Task :gradle-plugin:settings-plugin:compileKotlin UP-TO-DATE
Caching disabled for task ':gradle-plugin:settings-plugin:compileKotlin' because:
  Build cache is disabled
Skipping task ':gradle-plugin:settings-plugin:compileKotlin' as it is up-to-date.
Resolve mutations for :gradle-plugin:settings-plugin:compileJava (Thread[#142,included builds,5,main]) started.
:gradle-plugin:settings-plugin:compileJava (Thread[#142,included builds,5,main]) started.

> Task :gradle-plugin:settings-plugin:compileJava NO-SOURCE
Skipping task ':gradle-plugin:settings-plugin:compileJava' as it has no source files and no previous output files.
Resolve mutations for :gradle-plugin:settings-plugin:classes (Thread[#142,included builds,5,main]) started.
:gradle-plugin:settings-plugin:classes (Thread[#142,included builds,5,main]) started.

> Task :gradle-plugin:settings-plugin:classes UP-TO-DATE
Skipping task ':gradle-plugin:settings-plugin:classes' as it has no actions.
Resolve mutations for :gradle-plugin:settings-plugin:jar (Thread[#142,included builds,5,main]) started.
:gradle-plugin:settings-plugin:jar (Thread[#142,included builds,5,main]) started.

> Task :gradle-plugin:settings-plugin:jar UP-TO-DATE
Caching disabled for task ':gradle-plugin:settings-plugin:jar' because:
  Build cache is disabled
  Not worth caching
Skipping task ':gradle-plugin:settings-plugin:jar' as it is up-to-date.
Settings evaluated using settings file 'C:\B4B4_FE_App\android\settings.gradle'.
Projects loaded. Root project using build file 'C:\B4B4_FE_App\android\build.gradle'.
Included projects: [root project 'DisasterAidPlatform', project ':app', project ':notifee_react-native', project ':react-native-async-storage_async-storage', project ':react-native-community_datetimepicker', project ':react-native-device-info', project ':react-native-firebase_app', project ':react-native-firebase_messaging', project ':react-native-gesture-handler', project ':react-native-image-picker', project ':react-native-maps', project ':react-native-pager-view', project ':react-native-permissions', project ':react-native-picker_picker', project ':react-native-reanimated', project ':react-native-safe-area-context', project ':react-native-screens', project ':react-native-webview']
Registering project ':gradle-plugin' in composite build. Will substitute for module ':gradle-plugin-root'.
Registering project ':gradle-plugin:react-native-gradle-plugin' in composite build. Will substitute for module 'com.facebook.react:react-native-gradle-plugin'.
Registering project ':gradle-plugin:settings-plugin' in composite build. Will substitute for module 'com.facebook.react:settings-plugin'.
Registering project ':gradle-plugin:shared' in composite build. Will substitute for module 'com.facebook.react:shared'.
Registering project ':gradle-plugin:shared-testutil' in composite build. Will substitute for module 'com.facebook.react:shared-testutil'.
Resolve mutations for :gradle-plugin:react-native-gradle-plugin:checkKotlinGradlePluginConfigurationErrors (Thread[#148,Execution worker Thread 6,5,main]) started.
:gradle-plugin:react-native-gradle-plugin:checkKotlinGradlePluginConfigurationErrors (Thread[#148,Execution worker Thread 6,5,main]) started.

> Task :gradle-plugin:react-native-gradle-plugin:checkKotlinGradlePluginConfigurationErrors SKIPPED
Skipping task ':gradle-plugin:react-native-gradle-plugin:checkKotlinGradlePluginConfigurationErrors' as task onlyIf 'errorDiagnostics are present' is false.
Resolve mutations for :gradle-plugin:react-native-gradle-plugin:compileKotlin (Thread[#148,Execution worker Thread 6,5,main]) started.
:gradle-plugin:react-native-gradle-plugin:compileKotlin (Thread[#148,Execution worker Thread 6,5,main]) started.

> Task :gradle-plugin:react-native-gradle-plugin:compileKotlin UP-TO-DATE
Caching disabled for task ':gradle-plugin:react-native-gradle-plugin:compileKotlin' because:
  Build cache is disabled
Skipping task ':gradle-plugin:react-native-gradle-plugin:compileKotlin' as it is up-to-date.
Resolve mutations for :gradle-plugin:react-native-gradle-plugin:compileJava (Thread[#148,Execution worker Thread 6,5,main]) started.
:gradle-plugin:react-native-gradle-plugin:compileJava (Thread[#148,Execution worker Thread 6,5,main]) started.

> Task :gradle-plugin:react-native-gradle-plugin:compileJava NO-SOURCE
Skipping task ':gradle-plugin:react-native-gradle-plugin:compileJava' as it has no source files and no previous output files.
Resolve mutations for :gradle-plugin:react-native-gradle-plugin:pluginDescriptors (Thread[#148,Execution worker Thread 6,5,main]) started.
:gradle-plugin:react-native-gradle-plugin:pluginDescriptors (Thread[#148,Execution worker Thread 6,5,main]) started.

> Task :gradle-plugin:react-native-gradle-plugin:pluginDescriptors UP-TO-DATE
Caching disabled for task ':gradle-plugin:react-native-gradle-plugin:pluginDescriptors' because:
  Build cache is disabled
  Not worth caching
Skipping task ':gradle-plugin:react-native-gradle-plugin:pluginDescriptors' as it is up-to-date.
Resolve mutations for :gradle-plugin:react-native-gradle-plugin:processResources (Thread[#148,Execution worker Thread 6,5,main]) started.
:gradle-plugin:react-native-gradle-plugin:processResources (Thread[#148,Execution worker Thread 6,5,main]) started.

> Task :gradle-plugin:react-native-gradle-plugin:processResources UP-TO-DATE
Caching disabled for task ':gradle-plugin:react-native-gradle-plugin:processResources' because:
  Build cache is disabled
  Not worth caching
Skipping task ':gradle-plugin:react-native-gradle-plugin:processResources' as it is up-to-date.
Resolve mutations for :gradle-plugin:react-native-gradle-plugin:classes (Thread[#148,Execution worker Thread 6,5,main]) started.
:gradle-plugin:react-native-gradle-plugin:classes (Thread[#155,Execution worker Thread 13,5,main]) started.

> Task :gradle-plugin:react-native-gradle-plugin:classes UP-TO-DATE
Skipping task ':gradle-plugin:react-native-gradle-plugin:classes' as it has no actions.
Resolve mutations for :gradle-plugin:react-native-gradle-plugin:jar (Thread[#155,Execution worker Thread 13,5,main]) started.
:gradle-plugin:react-native-gradle-plugin:jar (Thread[#155,Execution worker Thread 13,5,main]) started.

> Task :gradle-plugin:react-native-gradle-plugin:jar UP-TO-DATE
Caching disabled for task ':gradle-plugin:react-native-gradle-plugin:jar' because:
  Build cache is disabled
  Not worth caching
Skipping task ':gradle-plugin:react-native-gradle-plugin:jar' as it is up-to-date.

> Configure project :
Evaluating root project 'DisasterAidPlatform' using build file 'C:\B4B4_FE_App\android\build.gradle'.
Found project 'project :gradle-plugin:react-native-gradle-plugin' as substitute for module 'com.facebook.react:react-native-gradle-plugin'.
Ignoring listeners of task graph ready event, as this build (:gradle-plugin) has already executed work.

> Configure project :app
Evaluating project ':app' using build file 'C:\B4B4_FE_App\android\app\build.gradle'.
Using default execution profile
Build 89b02980-546c-4872-a14a-ac3aa7b76a4f is started
Using Kotlin Gradle Plugin gradle85 variant
Build fd00c0da-994b-4cc4-90f1-efee44a2fd18 is closed
Build 89b02980-546c-4872-a14a-ac3aa7b76a4f is closed

[Incubating] Problems report is available at: file:///C:/B4B4_FE_App/android/build/reports/problems/problems-report.html

Deprecated Gradle features were used in this build, making it incompatible with Gradle 9.0.

You can use '--warning-mode all' to show the individual deprecation warnings and determine if they come from your own scripts or plugins.

For more on this, please refer to https://docs.gradle.org/8.14.1/userguide/command_line_interface.html#sec:command_line_warnings in the Gradle documentation.
10 actionable tasks: 10 up-to-date
Watched directory hierarchies: [C:\B4B4_FE_App\node_modules\@react-native\gradle-plugin]
